<?xml version="1.0" encoding="UTF-8"?>
<!-- Generated by org.testng.reporters.JUnitReportReporter -->
<testsuite hostname="KHI-PSW-0016" failures="0" tests="1" name="com.seldenmod.selenium.TestClass" time="6.910" errors="0" timestamp="3 Dec 2020 11:53:58 GMT">
  <testcase classname="com.seldenmod.selenium.TestClass" name="mailTest" time="6.910"/>
</testsuite> <!-- com.seldenmod.selenium.TestClass -->
